TN:
SF:config\config.js
FNF:0
FNH:0
DA:1,2
DA:3,2
LF:2
LH:2
BRF:0
BRH:0
end_of_record
TN:
SF:http\app.js
FN:19,(anonymous_0)
FN:24,(anonymous_1)
FNF:2
FNH:1
FNDA:2,(anonymous_0)
FNDA:0,(anonymous_1)
DA:1,1
DA:3,1
DA:4,1
DA:6,1
DA:8,1
DA:9,1
DA:11,1
DA:13,1
DA:15,1
DA:16,1
DA:17,1
DA:19,1
DA:20,2
DA:21,2
DA:24,1
DA:26,0
DA:29,1
DA:32,1
DA:33,1
DA:35,1
DA:37,1
LF:21
LH:20
BRF:0
BRH:0
end_of_record
TN:
SF:http\routes\user.js
FN:4,(anonymous_0)
FN:44,(anonymous_1)
FNF:2
FNH:2
FNDA:1,(anonymous_0)
FNDA:1,(anonymous_1)
DA:1,1
DA:2,1
DA:4,1
DA:34,1
DA:36,1
DA:37,1
DA:38,0
DA:41,1
DA:44,1
DA:74,1
DA:76,1
DA:78,1
DA:82,1
LF:13
LH:12
BRDA:37,0,0,0
BRDA:37,0,1,1
BRF:2
BRH:1
end_of_record
TN:
SF:models\index.js
FN:25,(anonymous_0)
FN:30,(anonymous_1)
FN:38,(anonymous_2)
FNF:3
FNH:3
FNDA:4,(anonymous_0)
FNDA:2,(anonymous_1)
FNDA:2,(anonymous_2)
DA:3,2
DA:4,2
DA:5,2
DA:7,2
DA:8,2
DA:9,2
DA:10,2
DA:13,2
DA:14,0
DA:16,2
DA:24,2
DA:26,4
DA:31,2
DA:35,2
DA:38,2
DA:39,2
DA:40,2
DA:44,2
DA:45,2
DA:47,2
LF:20
LH:19
BRDA:8,0,0,2
BRDA:8,0,1,0
BRDA:13,1,0,0
BRDA:13,1,1,2
BRDA:27,2,0,4
BRDA:27,2,1,4
BRDA:27,2,2,2
BRDA:39,3,0,2
BRDA:39,3,1,0
BRF:9
BRH:6
end_of_record
TN:
SF:models\user.js
FN:5,(anonymous_0)
FN:12,(anonymous_1)
FNF:2
FNH:2
FNDA:2,(anonymous_0)
FNDA:2,(anonymous_1)
DA:4,2
DA:5,2
DA:16,2
DA:25,2
LF:4
LH:4
BRF:0
BRH:0
end_of_record
TN:
SF:repository\user.js
FN:4,(anonymous_0)
FN:8,(anonymous_1)
FN:20,(anonymous_2)
FN:31,(anonymous_3)
FN:42,(anonymous_4)
FNF:5
FNH:3
FNDA:1,(anonymous_0)
FNDA:0,(anonymous_1)
FNDA:1,(anonymous_2)
FNDA:1,(anonymous_3)
FNDA:0,(anonymous_4)
DA:1,2
DA:5,1
DA:9,0
DA:10,0
DA:11,0
DA:13,0
DA:14,0
DA:17,0
DA:21,1
DA:22,1
DA:23,1
DA:25,0
DA:26,0
DA:28,1
DA:32,1
DA:33,1
DA:34,1
DA:36,0
DA:37,0
DA:39,1
DA:43,0
DA:45,0
DA:46,0
DA:49,0
DA:55,2
LF:25
LH:11
BRDA:45,0,0,0
BRDA:45,0,1,0
BRF:2
BRH:0
end_of_record
TN:
SF:usecase\user.js
FN:2,(anonymous_0)
FN:6,(anonymous_1)
FN:11,(anonymous_2)
FNF:3
FNH:3
FNDA:2,(anonymous_0)
FNDA:2,(anonymous_1)
FNDA:2,(anonymous_2)
DA:3,2
DA:7,2
DA:8,2
DA:12,2
DA:13,2
DA:17,2
LF:6
LH:6
BRF:0
BRH:0
end_of_record
